<?xml version="1.0" encoding="UTF-8"?>
<!-- Generated by org.testng.reporters.JUnitReportReporter -->
<testsuite hostname="keshavs-MacBook-Air-2.local" failures="0" tests="1" name="Assignment1.AssignmentTest" time="55.660" errors="0" timestamp="2025-06-25T16:00:33 IST" skipped="0">
  <testcase classname="Assignment1.AssignmentTest" name="runAssignment" time="55.660"/>
</testsuite> <!-- Assignment1.AssignmentTest -->
